This is pdfTeX, Version 3.14159265-2.6-1.40.19 (TeX Live 2019/dev/Debian) (preloaded format=pdflatex 2020.1.7)  7 JAN 2020 11:36
entering extended mode
 restricted \write18 enabled.
 file:line:error style messages enabled.
 %&-line parsing enabled.
**draft_p2_jfm.tex
(./draft_p2_jfm.tex
LaTeX2e <2018-12-01>
(./jfm.cls
Document Class: jfm 2007/03/13 v1.28 Journal of Fluid Mechanics document class
(/usr/share/texlive/texmf-dist/tex/latex/graphics/graphicx.sty
Package: graphicx 2017/06/01 v1.1a Enhanced LaTeX Graphics (DPC,SPQR)

(/usr/share/texlive/texmf-dist/tex/latex/graphics/keyval.sty
Package: keyval 2014/10/28 v1.15 key=value parser (DPC)
\KV@toks@=\toks14
)
(/usr/share/texlive/texmf-dist/tex/latex/graphics/graphics.sty
Package: graphics 2017/06/25 v1.2c Standard LaTeX Graphics (DPC,SPQR)

(/usr/share/texlive/texmf-dist/tex/latex/graphics/trig.sty
Package: trig 2016/01/03 v1.10 sin cos tan (DPC)
)
(/usr/share/texlive/texmf-dist/tex/latex/graphics-cfg/graphics.cfg
File: graphics.cfg 2016/06/04 v1.11 sample graphics configuration
)
Package graphics Info: Driver file: pdftex.def on input line 99.

(/usr/share/texlive/texmf-dist/tex/latex/graphics-def/pdftex.def
File: pdftex.def 2018/01/08 v1.0l Graphics/color driver for pdftex
))
\Gin@req@height=\dimen102
\Gin@req@width=\dimen103
)
(/usr/share/texlive/texmf-dist/tex/latex/etoolbox/etoolbox.sty
Package: etoolbox 2018/08/19 v2.5f e-TeX tools for LaTeX (JAW)
\etb@tempcnta=\count80
)
LaTeX Info: Redefining \textsfbi on input line 184.
LaTeX Font Info:    Redeclaring math alphabet \mathsfbi on input line 184.
LaTeX Font Info:    Overwriting math alphabet `\mathsfbi' in version `normal'
(Font)                  OT1/cmss/m/sl --> T1/phv/b/it on input line 184.
LaTeX Font Info:    Overwriting math alphabet `\mathsfbi' in version `bold'
(Font)                  OT1/cmss/m/sl --> T1/phv/b/it on input line 184.
LaTeX Info: Redefining \textsfbi on input line 188.
LaTeX Font Info:    Redeclaring math alphabet \mathsfbi on input line 188.
LaTeX Font Info:    Overwriting math alphabet `\mathsfbi' in version `normal'
(Font)                  T1/phv/b/it --> OT1/phv/b/it on input line 188.
LaTeX Font Info:    Overwriting math alphabet `\mathsfbi' in version `bold'
(Font)                  T1/phv/b/it --> OT1/phv/b/it on input line 188.
\halflineskip=\skip41
\affilskip=\skip42
\c@part=\count81
\c@section=\count82
\c@subsection=\count83
\c@subsubsection=\count84
\c@paragraph=\count85
\@indentskip=\skip43
\smallindent=\skip44
\@footindent=\skip45
\@leftskip=\skip46
\proofbox=\box27
\rpbdim=\skip47
\@stequation=\toks15
\c@subequation=\count86
\c@table=\count87
\c@figure=\count88
LaTeX Info: Redefining \cite on input line 1157.
\astrutbox=\box28


Found the 'amsbsy' package on the system, using it.

(./AMSbsy.sty
Package: amsbsy 1995/01/20 v1.2
 (./AMSgen.sty
File: amsgen.sty 1995/02/01 v1.2a
\@emptytoks=\toks16
\ex@=\dimen104
)
\pmbraise@=\dimen105
)


Found AMS Euler Roman fonts on the system, using the 'upmath' package.

(./upmath.sty
Package: upmath 1996/10/20 v1.0 CUP LaTeX2e package
\c@mv@upright=\count89
\c@mv@boldupright=\count90
LaTeX Font Info:    Overwriting symbol font `letters' in version `upright'
(Font)                  OML/cmm/m/it --> OML/eur/m/n on input line 65.
LaTeX Font Info:    Overwriting symbol font `letters' in version `boldupright'
(Font)                  OML/cmm/m/it --> OML/eur/b/n on input line 66.
)


Found AMS Symbol fonts on the system, using the 'amssymb' package.

(./AMSsymb.sty
Package: amssymb 1995/02/01 v2.2a
 (./AMSfonts.sty
Package: amsfonts 1995/02/01 v2.2b
\symAMSa=\mathgroup4
\symAMSb=\mathgroup5
LaTeX Font Info:    Overwriting math alphabet `\mathfrak' in version `bold'
(Font)                  U/euf/m/n --> U/euf/b/n on input line 128.
)))
(/usr/share/texlive/texmf-dist/tex/generic/babel/babel.sty
Package: babel 2018/11/13 3.27 The Babel package

(/usr/share/texlive/texmf-dist/tex/generic/babel/switch.def
File: switch.def 2018/11/13 3.27 Babel switching mechanism
)
(/usr/share/texlive/texmf-dist/tex/generic/babel-english/english.ldf
Language: english 2017/06/06 v3.3r English support from the babel system

(/usr/share/texlive/texmf-dist/tex/generic/babel/babel.def
File: babel.def 2018/11/13 3.27 Babel common definitions
\babel@savecnt=\count91
\U@D=\dimen106

(/usr/share/texlive/texmf-dist/tex/generic/babel/txtbabel.def)
\bbl@dirlevel=\count92
)
\l@british = a dialect from \language\l@english 
\l@UKenglish = a dialect from \language\l@english 
\l@canadian = a dialect from \language\l@american 
\l@australian = a dialect from \language\l@british 
\l@newzealand = a dialect from \language\l@british 
))
(/usr/share/texlive/texmf-dist/tex/latex/base/fontenc.sty
Package: fontenc 2018/08/11 v2.0j Standard LaTeX package

(/usr/share/texlive/texmf-dist/tex/latex/base/t1enc.def
File: t1enc.def 2018/08/11 v2.0j Standard LaTeX file
LaTeX Font Info:    Redeclaring font encoding T1 on input line 48.
))
(/usr/share/texlive/texmf-dist/tex/latex/base/inputenc.sty
Package: inputenc 2018/08/11 v1.3c Input encoding file
\inpenc@prehook=\toks17
\inpenc@posthook=\toks18
)
(/usr/share/texlive/texmf-dist/tex/latex/amsmath/amsmath.sty
Package: amsmath 2018/12/01 v2.17b AMS math features
\@mathmargin=\skip48

For additional information on amsmath, use the `?' option.
(/usr/share/texlive/texmf-dist/tex/latex/amsmath/amstext.sty
Package: amstext 2000/06/29 v2.01 AMS text
)
(/usr/share/texlive/texmf-dist/tex/latex/amsmath/amsopn.sty
Package: amsopn 2016/03/08 v2.02 operator names
)
\inf@bad=\count93
LaTeX Info: Redefining \frac on input line 223.
\uproot@=\count94
\leftroot@=\count95
LaTeX Info: Redefining \overline on input line 385.
\classnum@=\count96
\DOTSCASE@=\count97
LaTeX Info: Redefining \ldots on input line 482.
LaTeX Info: Redefining \dots on input line 485.
LaTeX Info: Redefining \cdots on input line 606.
\Mathstrutbox@=\box29
\strutbox@=\box30
\big@size=\dimen107
LaTeX Font Info:    Redeclaring font encoding OML on input line 729.
LaTeX Font Info:    Redeclaring font encoding OMS on input line 730.
\macc@depth=\count98
\c@MaxMatrixCols=\count99
\dotsspace@=\muskip10
\c@parentequation=\count100
\dspbrk@lvl=\count101
\tag@help=\toks19
\row@=\count102
\column@=\count103
\maxfields@=\count104
\andhelp@=\toks20
\eqnshift@=\dimen108
\alignsep@=\dimen109
\tagshift@=\dimen110
\tagwidth@=\dimen111
\totwidth@=\dimen112
\lineht@=\dimen113
\@envbody=\toks21
\multlinegap=\skip49
\multlinetaggap=\skip50
\mathdisplay@stack=\toks22
LaTeX Info: Redefining \[ on input line 2844.
LaTeX Info: Redefining \] on input line 2845.
)
(/usr/share/texlive/texmf-dist/tex/latex/xcolor/xcolor.sty
Package: xcolor 2016/05/11 v2.12 LaTeX color extensions (UK)

(/usr/share/texlive/texmf-dist/tex/latex/graphics-cfg/color.cfg
File: color.cfg 2016/01/02 v1.6 sample color configuration
)
Package xcolor Info: Driver file: pdftex.def on input line 225.
Package xcolor Info: Model `cmy' substituted by `cmy0' on input line 1348.
Package xcolor Info: Model `hsb' substituted by `rgb' on input line 1352.
Package xcolor Info: Model `RGB' extended on input line 1364.
Package xcolor Info: Model `HTML' substituted by `rgb' on input line 1366.
Package xcolor Info: Model `Hsb' substituted by `hsb' on input line 1367.
Package xcolor Info: Model `tHsb' substituted by `hsb' on input line 1368.
Package xcolor Info: Model `HSB' substituted by `hsb' on input line 1369.
Package xcolor Info: Model `Gray' substituted by `gray' on input line 1370.
Package xcolor Info: Model `wave' substituted by `hsb' on input line 1371.

(/usr/share/texlive/texmf-dist/tex/latex/xcolor/svgnam.def
File: svgnam.def 2016/05/11 v2.12 Predefined colors according to SVG 1.1 (UK)
))
(/home/tlestang/texmf/tex/latex/acro/acro.sty
(/usr/share/texlive/texmf-dist/tex/latex/l3kernel/expl3.sty
Package: expl3 2019-02-15 L3 programming layer (loader) 

(/usr/share/texlive/texmf-dist/tex/latex/l3kernel/expl3-code.tex
Package: expl3 2019-02-15 L3 programming layer (code)
\c_max_int=\count105
\l_tmpa_int=\count106
\l_tmpb_int=\count107
\g_tmpa_int=\count108
\g_tmpb_int=\count109
\g__kernel_prg_map_int=\count110
\c_log_iow=\count111
\l_iow_line_count_int=\count112
\l__iow_line_target_int=\count113
\l__iow_one_indent_int=\count114
\l__iow_indent_int=\count115
\c_zero_dim=\dimen114
\c_max_dim=\dimen115
\l_tmpa_dim=\dimen116
\l_tmpb_dim=\dimen117
\g_tmpa_dim=\dimen118
\g_tmpb_dim=\dimen119
\c_zero_skip=\skip51
\c_max_skip=\skip52
\l_tmpa_skip=\skip53
\l_tmpb_skip=\skip54
\g_tmpa_skip=\skip55
\g_tmpb_skip=\skip56
\c_zero_muskip=\muskip11
\c_max_muskip=\muskip12
\l_tmpa_muskip=\muskip13
\l_tmpb_muskip=\muskip14
\g_tmpa_muskip=\muskip15
\g_tmpb_muskip=\muskip16
\l_keys_choice_int=\count116
\l__intarray_loop_int=\count117
\c__intarray_sp_dim=\dimen120
\g__intarray_font_int=\count118
\c__fp_leading_shift_int=\count119
\c__fp_middle_shift_int=\count120
\c__fp_trailing_shift_int=\count121
\c__fp_big_leading_shift_int=\count122
\c__fp_big_middle_shift_int=\count123
\c__fp_big_trailing_shift_int=\count124
\c__fp_Bigg_leading_shift_int=\count125
\c__fp_Bigg_middle_shift_int=\count126
\c__fp_Bigg_trailing_shift_int=\count127
\c__kernel_randint_max_int=\count128
\g__fp_array_int=\count129
\l__fp_array_loop_int=\count130
\l__sort_length_int=\count131
\l__sort_min_int=\count132
\l__sort_top_int=\count133
\l__sort_max_int=\count134
\l__sort_true_max_int=\count135
\l__sort_block_int=\count136
\l__sort_begin_int=\count137
\l__sort_end_int=\count138
\l__sort_A_int=\count139
\l__sort_B_int=\count140
\l__sort_C_int=\count141
\l__tl_analysis_normal_int=\count142
\l__tl_analysis_index_int=\count143
\l__tl_analysis_nesting_int=\count144
\l__tl_analysis_type_int=\count145
\l__regex_internal_a_int=\count146
\l__regex_internal_b_int=\count147
\l__regex_internal_c_int=\count148
\l__regex_balance_int=\count149
\l__regex_group_level_int=\count150
\l__regex_mode_int=\count151
\c__regex_cs_in_class_mode_int=\count152
\c__regex_cs_mode_int=\count153
\l__regex_catcodes_int=\count154
\l__regex_default_catcodes_int=\count155
\c__regex_catcode_D_int=\count156
\c__regex_catcode_S_int=\count157
\c__regex_catcode_L_int=\count158
\c__regex_catcode_O_int=\count159
\c__regex_catcode_A_int=\count160
\c__regex_all_catcodes_int=\count161
\l__regex_show_lines_int=\count162
\l__regex_min_state_int=\count163
\l__regex_max_state_int=\count164
\l__regex_left_state_int=\count165
\l__regex_right_state_int=\count166
\l__regex_capturing_group_int=\count167
\l__regex_min_pos_int=\count168
\l__regex_max_pos_int=\count169
\l__regex_curr_pos_int=\count170
\l__regex_start_pos_int=\count171
\l__regex_success_pos_int=\count172
\l__regex_curr_char_int=\count173
\l__regex_curr_catcode_int=\count174
\l__regex_last_char_int=\count175
\l__regex_case_changed_char_int=\count176
\l__regex_curr_state_int=\count177
\l__regex_step_int=\count178
\l__regex_min_active_int=\count179
\l__regex_max_active_int=\count180
\l__regex_replacement_csnames_int=\count181
\l__regex_match_count_int=\count182
\l__regex_min_submatch_int=\count183
\l__regex_submatch_int=\count184
\l__regex_zeroth_submatch_int=\count185
\g__regex_trace_regex_int=\count186
\c_empty_box=\box31
\l_tmpa_box=\box32
\l_tmpb_box=\box33
\g_tmpa_box=\box34
\g_tmpb_box=\box35
\l__box_top_dim=\dimen121
\l__box_bottom_dim=\dimen122
\l__box_left_dim=\dimen123
\l__box_right_dim=\dimen124
\l__box_top_new_dim=\dimen125
\l__box_bottom_new_dim=\dimen126
\l__box_left_new_dim=\dimen127
\l__box_right_new_dim=\dimen128
\l__box_internal_box=\box36
\l__coffin_internal_box=\box37
\l__coffin_internal_dim=\dimen129
\l__coffin_offset_x_dim=\dimen130
\l__coffin_offset_y_dim=\dimen131
\l__coffin_x_dim=\dimen132
\l__coffin_y_dim=\dimen133
\l__coffin_x_prime_dim=\dimen134
\l__coffin_y_prime_dim=\dimen135
\c_empty_coffin=\box38
\l__coffin_aligned_coffin=\box39
\l__coffin_aligned_internal_coffin=\box40
\l_tmpa_coffin=\box41
\l_tmpb_coffin=\box42
\g_tmpa_coffin=\box43
\g_tmpb_coffin=\box44
\c__coffin_empty_coffin=\box45
\l__coffin_display_coffin=\box46
\l__coffin_display_coord_coffin=\box47
\l__coffin_display_pole_coffin=\box48
\l__coffin_display_offset_dim=\dimen136
\l__coffin_display_x_dim=\dimen137
\l__coffin_display_y_dim=\dimen138
\g__file_internal_ior=\read1
\l__coffin_bounding_shift_dim=\dimen139
\l__coffin_left_corner_dim=\dimen140
\l__coffin_right_corner_dim=\dimen141
\l__coffin_bottom_corner_dim=\dimen142
\l__coffin_top_corner_dim=\dimen143
\l__coffin_scaled_total_height_dim=\dimen144
\l__coffin_scaled_width_dim=\dimen145
\l__seq_internal_a_int=\count187
\l__seq_internal_b_int=\count188
)
(/usr/share/texlive/texmf-dist/tex/latex/l3kernel/l3pdfmode.def
File: l3pdfmode.def 2019-02-15 v L3 Experimental driver: PDF mode
\l__driver_color_stack_int=\count189
))
(/usr/share/texlive/texmf-dist/tex/latex/l3packages/xparse/xparse.sty
Package: xparse 2018-10-17 L3 Experimental document command parser
\l__xparse_current_arg_int=\count190
\g__xparse_grabber_int=\count191
\l__xparse_m_args_int=\count192
\l__xparse_mandatory_args_int=\count193
\l__xparse_v_nesting_int=\count194
)
(/usr/share/texlive/texmf-dist/tex/latex/l3packages/l3keys2e/l3keys2e.sty
Package: l3keys2e 2018-10-17 LaTeX2e option processing using LaTeX3 keys
)
(/usr/share/texlive/texmf-dist/tex/latex/l3packages/xtemplate/xtemplate.sty
Package: xtemplate 2018-10-17 L3 Experimental prototype document functions
\l__xtemplate_tmp_dim=\dimen146
\l__xtemplate_tmp_int=\count195
\l__xtemplate_tmp_muskip=\muskip17
\l__xtemplate_tmp_skip=\skip57
)
Package: acro 2019/02/17 v2.9 Typeset Acronyms
\l__acro_tmpa_int=\count196
\l__acro_tmpb_int=\count197
\l__acro_tmpc_int=\count198
\l__acro_tmpd_int=\count199
\l__acro_page_space_skip=\skip58
\l__acro_short_width_dim=\dimen147

Package xtemplate Info: Declaring object type 'acro-first' taking 2
(xtemplate)             argument(s) on line 845.


Package xtemplate Info: Declaring object type 'acro-extra' taking 1
(xtemplate)             argument(s) on line 985.


(/usr/share/texlive/texmf-dist/tex/latex/oberdiek/zref-abspage.sty
Package: zref-abspage 2018/11/21 v2.27 Module abspage for zref (HO)

(/usr/share/texlive/texmf-dist/tex/latex/oberdiek/zref-base.sty
Package: zref-base 2018/11/21 v2.27 Module base for zref (HO)

(/usr/share/texlive/texmf-dist/tex/generic/oberdiek/ltxcmds.sty
Package: ltxcmds 2016/05/16 v1.23 LaTeX kernel commands for general use (HO)
)
(/usr/share/texlive/texmf-dist/tex/generic/oberdiek/infwarerr.sty
Package: infwarerr 2016/05/16 v1.4 Providing info/warning/error messages (HO)
)
(/usr/share/texlive/texmf-dist/tex/generic/oberdiek/kvsetkeys.sty
Package: kvsetkeys 2016/05/16 v1.17 Key value parser (HO)

(/usr/share/texlive/texmf-dist/tex/generic/oberdiek/etexcmds.sty
Package: etexcmds 2016/05/16 v1.6 Avoid name clashes with e-TeX commands (HO)

(/usr/share/texlive/texmf-dist/tex/generic/oberdiek/ifluatex.sty
Package: ifluatex 2016/05/16 v1.4 Provides the ifluatex switch (HO)
Package ifluatex Info: LuaTeX not detected.
)))
(/usr/share/texlive/texmf-dist/tex/generic/oberdiek/kvdefinekeys.sty
Package: kvdefinekeys 2016/05/16 v1.4 Define keys (HO)
)
(/usr/share/texlive/texmf-dist/tex/generic/oberdiek/pdftexcmds.sty
Package: pdftexcmds 2018/09/10 v0.29 Utility functions of pdfTeX for LuaTeX (HO
)

(/usr/share/texlive/texmf-dist/tex/generic/oberdiek/ifpdf.sty
Package: ifpdf 2018/09/07 v3.3 Provides the ifpdf switch
)
Package pdftexcmds Info: LuaTeX not detected.
Package pdftexcmds Info: \pdf@primitive is available.
Package pdftexcmds Info: \pdf@ifprimitive is available.
Package pdftexcmds Info: \pdfdraftmode found.
)
(/usr/share/texlive/texmf-dist/tex/latex/oberdiek/auxhook.sty
Package: auxhook 2016/05/16 v1.4 Hooks for auxiliary files (HO)
)
Package zref Info: New property list: main on input line 759.
Package zref Info: New property: default on input line 760.
Package zref Info: New property: page on input line 761.
)
(/usr/share/texlive/texmf-dist/tex/generic/oberdiek/atbegshi.sty
Package: atbegshi 2016/06/09 v1.18 At begin shipout hook (HO)
)
\c@abspage=\count266
Package zref Info: New property: abspage on input line 62.
)

Package xtemplate Info: Declaring object type 'acro-page-number' taking 1
(xtemplate)             argument(s) on line 1220.


Package xtemplate Info: Declaring object type 'acro-title' taking 1
(xtemplate)             argument(s) on line 1295.


Package xtemplate Info: Declaring object type 'acro-list' taking 2 argument(s)
(xtemplate)             on line 1341.

\g__acro_barrier_int=\count267

(/home/tlestang/texmf/tex/latex/translations/translations.sty
Package: translations 2017/08/31 v1.7a internationalization of LaTeX2e packages
 (CN)

(/usr/share/texlive/texmf-dist/tex/latex/koma-script/scrlfile.sty
Package: scrlfile 2019/02/01 v3.26b KOMA-Script package (loading files)
)))
(/usr/share/texlive/texmf-dist/tex/latex/subfig/subfig.sty
Package: subfig 2005/06/28 ver: 1.3 subfig package

(/usr/share/texlive/texmf-dist/tex/latex/caption/caption.sty
Package: caption 2018/10/06 v3.3-154 Customizing captions (AR)

(/usr/share/texlive/texmf-dist/tex/latex/caption/caption3.sty
Package: caption3 2018/09/12 v1.8c caption3 kernel (AR)
Package caption3 Info: TeX engine: e-TeX on input line 64.
\captionmargin=\dimen148
\captionmargin@=\dimen149
\captionwidth=\dimen150
\caption@tempdima=\dimen151
\caption@indent=\dimen152
\caption@parindent=\dimen153
\caption@hangindent=\dimen154
\abovecaptionskip=\skip59
\belowcaptionskip=\skip60
Package caption Info: Unknown document class (or package),
(caption)             standard defaults will be used.
)

Package caption Warning: Unsupported document class (or package) detected,
(caption)                usage of the caption package is not recommended.
See the caption package documentation for explanation.

Package caption Info: \@makecaption = \long macro:#1#2->\ifbot@fig \rule {\text
width }{.25pt}\fi \vskip 5\p@ \@plus .4\p@ \@minus .4\p@ \begingroup \small \se
tbox \@tempboxa \hbox {{\normalfont \scshape #1\ifrem@fullpt \else .\fi } #2}\i
fdim \wd \@tempboxa >\tw@ \hsize \unhbox \@tempboxa \par \else {\centering \unh
box \@tempboxa \par }\fi \endgroup \global \rem@fullptfalse \global \bot@figfal
se .
\c@caption@flags=\count268
\c@ContinuedFloat=\count269
)
\c@KVtest=\count270
\sf@farskip=\skip61
\sf@captopadj=\dimen155
\sf@capskip=\skip62
\sf@nearskip=\skip63
\c@subfigure=\count271
\c@subfigure@save=\count272
\c@lofdepth=\count273
\c@subtable=\count274
\c@subtable@save=\count275
\c@lotdepth=\count276
\sf@top=\skip64
\sf@bottom=\skip65
) (./natbib.sty
Package: natbib 2000/07/24 7.0a (PWD)
\bibhang=\skip66
\bibsep=\skip67
LaTeX Info: Redefining \cite on input line 508.
\c@NAT@ctr=\count277
) (./draft_p2_jfm.aux)
\openout1 = `draft_p2_jfm.aux'.

LaTeX Font Info:    Checking defaults for OML/cmm/m/it on input line 87.
LaTeX Font Info:    ... okay on input line 87.
LaTeX Font Info:    Checking defaults for T1/cmr/m/n on input line 87.
LaTeX Font Info:    ... okay on input line 87.
LaTeX Font Info:    Checking defaults for OT1/cmr/m/n on input line 87.
LaTeX Font Info:    ... okay on input line 87.
LaTeX Font Info:    Checking defaults for OMS/cmsy/m/n on input line 87.
LaTeX Font Info:    ... okay on input line 87.
LaTeX Font Info:    Checking defaults for OMX/cmex/m/n on input line 87.
LaTeX Font Info:    ... okay on input line 87.
LaTeX Font Info:    Checking defaults for U/cmr/m/n on input line 87.
LaTeX Font Info:    ... okay on input line 87.

(/usr/share/texlive/texmf-dist/tex/context/base/mkii/supp-pdf.mkii
[Loading MPS to PDF converter (version 2006.09.02).]
\scratchcounter=\count278
\scratchdimen=\dimen156
\scratchbox=\box49
\nofMPsegments=\count279
\nofMParguments=\count280
\everyMPshowfont=\toks23
\MPscratchCnt=\count281
\MPscratchDim=\dimen157
\MPnumerator=\count282
\makeMPintoPDFobject=\count283
\everyMPtoPDFconversion=\toks24
) (/usr/share/texlive/texmf-dist/tex/latex/oberdiek/epstopdf-base.sty
Package: epstopdf-base 2016/05/15 v2.6 Base part for package epstopdf

(/usr/share/texlive/texmf-dist/tex/latex/oberdiek/grfext.sty
Package: grfext 2016/05/16 v1.2 Manage graphics extensions (HO)
)
(/usr/share/texlive/texmf-dist/tex/latex/oberdiek/kvoptions.sty
Package: kvoptions 2016/05/16 v3.12 Key value format for package options (HO)
)
Package epstopdf-base Info: Redefining graphics rule for `.eps' on input line 4
38.
Package grfext Info: Graphics extension search list:
(grfext)             [.pdf,.png,.jpg,.mps,.jpeg,.jbig2,.jb2,.PDF,.PNG,.JPG,.JPE
G,.JBIG2,.JB2,.eps]
(grfext)             \AppendGraphicsExtensions on input line 456.

(/usr/share/texlive/texmf-dist/tex/latex/latexconfig/epstopdf-sys.cfg
File: epstopdf-sys.cfg 2010/07/13 v1.3 Configuration of (r)epstopdf for TeX Liv
e
))
\AtBeginShipoutBox=\box50

(/home/tlestang/texmf/tex/latex/translations/dicts/translations-basic-dictionar
y-english.trsl
File: translations-basic-dictionary-english.trsl (english translation file `tra
nslations-basic-dictionary')
)
Package translations Info: loading dictionary `translations-basic-dictionary' f
or `english'. on input line 87.
Package caption Info: Begin \AtBeginDocument code.
Package caption Info: subfig package v1.3 is loaded.
Package caption Info: End \AtBeginDocument code.
LaTeX Font Info:    Try loading font information for U+msa on input line 90.
 (/usr/share/texlive/texmf-dist/tex/latex/amsfonts/umsa.fd
File: umsa.fd 2013/01/14 v3.01 AMS symbols A
)
LaTeX Font Info:    Try loading font information for U+msb on input line 90.

(/usr/share/texlive/texmf-dist/tex/latex/amsfonts/umsb.fd
File: umsb.fd 2013/01/14 v3.01 AMS symbols B
)
Underfull \hbox (badness 10000) has occurred while \output is active

 []

[1{/var/lib/texmf/fonts/map/pdftex/updmap/pdftex.map}
Non-PDF special ignored!
<special> papersize=174mm,247mm
] [2]
<../figures/illustr_ecoulement/illustr_ecoulement.png, id=20, 1156.32pt x 505.8
9pt>
File: ../figures/illustr_ecoulement/illustr_ecoulement.png Graphic file (type p
ng)
<use ../figures/illustr_ecoulement/illustr_ecoulement.png>
Package pdftex.def Info: ../figures/illustr_ecoulement/illustr_ecoulement.png  
used on input line 191.
(pdftex.def)             Requested size: 384.0pt x 167.99402pt.
 [3]
<../figures/ecoulement_typique/ecoulement_typique.png, id=25, 1156.32pt x 505.8
9pt>
File: ../figures/ecoulement_typique/ecoulement_typique.png Graphic file (type p
ng)
<use ../figures/ecoulement_typique/ecoulement_typique.png>
Package pdftex.def Info: ../figures/ecoulement_typique/ecoulement_typique.png  
used on input line 246.
(pdftex.def)             Requested size: 384.0pt x 167.99402pt.

Underfull \vbox (badness 10000) has occurred while \output is active []

 [4 <../figures/illustr_ecoulement/illustr_ecoulement.png>]
<../figures/typical_drag_signal/typical_drag_signal.png, id=32, 578.16pt x 216.
81pt>
File: ../figures/typical_drag_signal/typical_drag_signal.png Graphic file (type
 png)
<use ../figures/typical_drag_signal/typical_drag_signal.png>
Package pdftex.def Info: ../figures/typical_drag_signal/typical_drag_signal.png
  used on input line 301.
(pdftex.def)             Requested size: 268.79883pt x 100.79906pt.
<../figures/./PDF_drag/PDF_drag.png, id=33, 542.025pt x 361.35pt>
File: ../figures/./PDF_drag/PDF_drag.png Graphic file (type png)
<use ../figures/./PDF_drag/PDF_drag.png>
Package pdftex.def Info: ../figures/./PDF_drag/PDF_drag.png  used on input line
 330.
(pdftex.def)             Requested size: 172.79883pt x 115.19878pt.
<../figures/./autocorr_drag/autocorr_drag.png, id=34, 867.24pt x 578.16pt>
File: ../figures/./autocorr_drag/autocorr_drag.png Graphic file (type png)
<use ../figures/./autocorr_drag/autocorr_drag.png>
Package pdftex.def Info: ../figures/./autocorr_drag/autocorr_drag.png  used on 
input line 333.
(pdftex.def)             Requested size: 172.79883pt x 115.19766pt.
 [5 <../figures/ecoulement_typique/ecoulement_typique.png>]
<../figures/illustrate_return_time/illustrate_return_time.png, id=44, 867.24pt 
x 289.08pt>
File: ../figures/illustrate_return_time/illustrate_return_time.png Graphic file
 (type png)
<use ../figures/illustrate_return_time/illustrate_return_time.png>
Package pdftex.def Info: ../figures/illustrate_return_time/illustrate_return_ti
me.png  used on input line 355.
(pdftex.def)             Requested size: 384.0pt x 128.00279pt.
 [6 <../figures/typical_drag_signal/typical_drag_signal.png> <../figures/./PDF_
drag/PDF_drag.png> <../figures/./autocorr_drag/autocorr_drag.png>]
<../figures/return_time/return_time.png, id=54, 505.89pt x 216.81pt>
File: ../figures/return_time/return_time.png Graphic file (type png)
<use ../figures/return_time/return_time.png>
Package pdftex.def Info: ../figures/return_time/return_time.png  used on input 
line 363.
(pdftex.def)             Requested size: 230.40234pt x 98.74463pt.
 [7 <../figures/illustrate_return_time/illustrate_return_time.png> <../figures/
return_time/return_time.png>]
<../figures/pressure_ratio/pressure_ratio.png, id=62, 650.43pt x 361.35pt>
File: ../figures/pressure_ratio/pressure_ratio.png Graphic file (type png)
<use ../figures/pressure_ratio/pressure_ratio.png>
Package pdftex.def Info: ../figures/pressure_ratio/pressure_ratio.png  used on 
input line 422.
(pdftex.def)             Requested size: 307.20117pt x 170.6726pt.
 [8 <../figures/pressure_ratio/pressure_ratio.png>]
<../figures/timeseries_extremes/timeseries_extremes.png, id=68, 578.16pt x 361.
35pt>
File: ../figures/timeseries_extremes/timeseries_extremes.png Graphic file (type
 png)
<use ../figures/timeseries_extremes/timeseries_extremes.png>
Package pdftex.def Info: ../figures/timeseries_extremes/timeseries_extremes.png
  used on input line 456.
(pdftex.def)             Requested size: 268.79883pt x 167.99844pt.
<../figures/illustr_extrms_vorticity/illustr_extrms_vorticity.png, id=69, 1156.
32pt x 433.62pt>
File: ../figures/illustr_extrms_vorticity/illustr_extrms_vorticity.png Graphic 
file (type png)
<use ../figures/illustr_extrms_vorticity/illustr_extrms_vorticity.png>
Package pdftex.def Info: ../figures/illustr_extrms_vorticity/illustr_extrms_vor
ticity.png  used on input line 472.
(pdftex.def)             Requested size: 384.0pt x 143.99489pt.
<../figures/illustr_density_streamlines/illustr_density_streamlines.png, id=70,
 650.43pt x 505.89pt>
File: ../figures/illustr_density_streamlines/illustr_density_streamlines.png Gr
aphic file (type png)
<use ../figures/illustr_density_streamlines/illustr_density_streamlines.png>
Package pdftex.def Info: ../figures/illustr_density_streamlines/illustr_density
_streamlines.png  used on input line 479.
(pdftex.def)             Requested size: 192.0pt x 149.32887pt.
<../figures/dynamics_extremes/dynamics_extremes.png, id=71, 1156.32pt x 505.89p
t>
File: ../figures/dynamics_extremes/dynamics_extremes.png Graphic file (type png
)
<use ../figures/dynamics_extremes/dynamics_extremes.png>
Package pdftex.def Info: ../figures/dynamics_extremes/dynamics_extremes.png  us
ed on input line 485.
(pdftex.def)             Requested size: 307.20117pt x 134.39984pt.
 [9 <../figures/timeseries_extremes/timeseries_extremes.png>]
[10 <../figures/illustr_extrms_vorticity/illustr_extrms_vorticity.png> <../figu
res/illustr_density_streamlines/illustr_density_streamlines.png> <../figures/dy
namics_extremes/dynamics_extremes.png>]
<../figures/shear_asof_drag/shear_asof_drag.pdf, id=82, 928.46875pt x 527.9725p
t>
File: ../figures/shear_asof_drag/shear_asof_drag.pdf Graphic file (type pdf)
<use ../figures/shear_asof_drag/shear_asof_drag.pdf>
Package pdftex.def Info: ../figures/shear_asof_drag/shear_asof_drag.pdf  used o
n input line 516.
(pdftex.def)             Requested size: 268.79883pt x 152.8503pt.
<../figures/timeseries_extrms_AVG/timeseries_extrms_AVG.png, id=83, 1300.86pt x
 433.62pt>
File: ../figures/timeseries_extrms_AVG/timeseries_extrms_AVG.png Graphic file (
type png)
<use ../figures/timeseries_extrms_AVG/timeseries_extrms_AVG.png>
Package pdftex.def Info: ../figures/timeseries_extrms_AVG/timeseries_extrms_AVG
.png  used on input line 543.
(pdftex.def)             Requested size: 384.0pt x 127.99619pt.

Underfull \vbox (badness 10000) has occurred while \output is active []

 [11 <../figures/shear_asof_drag/shear_asof_drag.pdf>] [12 <../figures/timeseri
es_extrms_AVG/timeseries_extrms_AVG.png>]
<../figures/illustr_AMS/illustr_AMS.pdf, id=108, 1300.86pt x 650.43pt>
File: ../figures/illustr_AMS/illustr_AMS.pdf Graphic file (type pdf)
<use ../figures/illustr_AMS/illustr_AMS.pdf>
Package pdftex.def Info: ../figures/illustr_AMS/illustr_AMS.pdf  used on input 
line 638.
(pdftex.def)             Requested size: 384.0pt x 191.99428pt.
<../figures/AMS_OU/AMS_OU.png, id=109, 578.16pt x 361.35pt>
File: ../figures/AMS_OU/AMS_OU.png Graphic file (type png)
<use ../figures/AMS_OU/AMS_OU.png>
Package pdftex.def Info: ../figures/AMS_OU/AMS_OU.png  used on input line 672.
(pdftex.def)             Requested size: 268.79883pt x 167.99844pt.
 [13] [14 <../figures/illustr_AMS/illustr_AMS.pdf> <../figures/AMS_OU/AMS_OU.pn
g>]
<../figures/AMS_drag_resampling/AMS_drag_resampling.png, id=157, 578.16pt x 361
.35pt>
File: ../figures/AMS_drag_resampling/AMS_drag_resampling.png Graphic file (type
 png)
<use ../figures/AMS_drag_resampling/AMS_drag_resampling.png>
Package pdftex.def Info: ../figures/AMS_drag_resampling/AMS_drag_resampling.png
  used on input line 708.
(pdftex.def)             Requested size: 268.79883pt x 167.99844pt.
 [15 <../figures/AMS_drag_resampling/AMS_drag_resampling.png>]
<../figures/AMS_drag_trajectories/AMS_drag_trajectories.png, id=162, 578.16pt x
 361.35pt>
File: ../figures/AMS_drag_trajectories/AMS_drag_trajectories.png Graphic file (
type png)
<use ../figures/AMS_drag_trajectories/AMS_drag_trajectories.png>
Package pdftex.def Info: ../figures/AMS_drag_trajectories/AMS_drag_trajectories
.png  used on input line 752.
(pdftex.def)             Requested size: 268.79883pt x 167.99844pt.
 [16 <../figures/AMS_drag_trajectories/AMS_drag_trajectories.png>]
Underfull \vbox (badness 10000) has occurred while \output is active []

 [17]
Overfull \hbox (18.66742pt too wide) detected at line 840
[]
 []

<../figures/IS_GKTL/IS_GKTL.png, id=170, 578.16pt x 361.35pt>
File: ../figures/IS_GKTL/IS_GKTL.png Graphic file (type png)
<use ../figures/IS_GKTL/IS_GKTL.png>
Package pdftex.def Info: ../figures/IS_GKTL/IS_GKTL.png  used on input line 882
.
(pdftex.def)             Requested size: 268.79883pt x 167.99844pt.

Underfull \vbox (badness 2368) has occurred while \output is active []

 [18]
[19 <../figures/IS_GKTL/IS_GKTL.png>] [20]
<../figures/return_times_GKTL/return_times_GKTL.png, id=189, 578.16pt x 361.35p
t>
File: ../figures/return_times_GKTL/return_times_GKTL.png Graphic file (type png
)
<use ../figures/return_times_GKTL/return_times_GKTL.png>
Package pdftex.def Info: ../figures/return_times_GKTL/return_times_GKTL.png  us
ed on input line 1015.
(pdftex.def)             Requested size: 268.79883pt x 167.99844pt.
 [21 <../figures/return_times_GKTL/return_times_GKTL.png>] [22]
<../figures/D2Q9/D2Q9.png, id=197, 377.61075pt x 385.74112pt>
File: ../figures/D2Q9/D2Q9.png Graphic file (type png)
<use ../figures/D2Q9/D2Q9.png>
Package pdftex.def Info: ../figures/D2Q9/D2Q9.png  used on input line 1071.
(pdftex.def)             Requested size: 115.20117pt x 117.67735pt.
 [23 <../figures/D2Q9/D2Q9.png (PNG copy)>]
(./draft_p2_jfm.bbl [24]
Underfull \hbox (badness 1122) in paragraph at lines 112--117
[]\T1/cmr/m/sc/9 Garrahan, Juan P, Jack, Robert L, Lecomte, Vivien, Pitard, Es-
telle, van
 []


Underfull \vbox (badness 2020) has occurred while \output is active []

 [25]
Underfull \hbox (badness 1112) in paragraph at lines 244--248
[]\T1/cmr/m/sc/9 Lestang, Thibault, Bouchet, Freddy & Em-manuel, Lévêque \T1/cm
r/m/n/9 2019 A sta-tis-ti-cal
 []


Underfull \hbox (badness 1297) in paragraph at lines 251--256
[]\T1/cmr/m/sc/9 Lestang, Thibault, Ragone, Francesco, Bréhier, Charles-Edouard
, Her-bert,
 []


Underfull \hbox (badness 1946) in paragraph at lines 265--268
[]\T1/cmr/m/sc/9 Mesterházy, David, Biferale, Luca, Jansen, Karl & Tripic-cione
, Raf-faele
 []


Underfull \hbox (badness 1448) in paragraph at lines 325--328
[]\T1/cmr/m/sc/9 Rosis, Alessan-dro De \T1/cmr/m/n/9 2016 Non-orthogonal cen-tr
al mo-ments re-lax-ing to a dis-crete
 []


Underfull \vbox (badness 10000) has occurred while \output is active []

 [26])
[27] (./draft_p2_jfm.aux) ) 
Here is how much of TeX's memory you used:
 19131 strings out of 494561
 369998 string characters out of 6177455
 415535 words of memory out of 5000000
 22560 multiletter control sequences out of 15000+600000
 556640 words of font info for 85 fonts, out of 8000000 for 9000
 14 hyphenation exceptions out of 8191
 50i,11n,63p,915b,471s stack positions out of 5000i,500n,10000p,200000b,80000s
 </home/tlestang/.texlive2018/texmf-var/fonts/pk/ljf
our/jknappen/ec/ecbx0900.600pk> </home/tlestang/.texlive2018/texmf-var/fonts/pk
/ljfour/jknappen/ec/ecti0900.600pk> </home/tlestang/.texlive2018/texmf-var/font
s/pk/ljfour/jknappen/ec/eccc0900.600pk> </home/tlestang/.texlive2018/texmf-var/
fonts/pk/ljfour/jknappen/ec/ecbx1000.600pk> </home/tlestang/.texlive2018/texmf-
var/fonts/pk/ljfour/jknappen/ec/ecti1000.600pk> </home/tlestang/.texlive2018/te
xmf-var/fonts/pk/ljfour/jknappen/ec/ecrm0900.600pk> </home/tlestang/.texlive201
8/texmf-var/fonts/pk/ljfour/jknappen/ec/ecrm0600.600pk> </home/tlestang/.texliv
e2018/texmf-var/fonts/pk/ljfour/jknappen/ec/ecbx0800.600pk> </home/tlestang/.te
xlive2018/texmf-var/fonts/pk/ljfour/jknappen/ec/ecbx1095.600pk> </home/tlestang
/.texlive2018/texmf-var/fonts/pk/ljfour/jknappen/ec/ecbx1728.600pk> </home/tles
tang/.texlive2018/texmf-var/fonts/pk/ljfour/jknappen/ec/ecrm1000.600pk> </home/
tlestang/.texlive2018/texmf-var/fonts/pk/ljfour/jknappen/ec/ecti0800.600pk></us
r/share/texlive/texmf-dist/fonts/type1/public/amsfonts/cm/cmbx10.pfb></usr/shar
e/texlive/texmf-dist/fonts/type1/public/amsfonts/cm/cmbx7.pfb></usr/share/texli
ve/texmf-dist/fonts/type1/public/amsfonts/cm/cmex10.pfb></usr/share/texlive/tex
mf-dist/fonts/type1/public/amsfonts/cmextra/cmex7.pfb></usr/share/texlive/texmf
-dist/fonts/type1/public/amsfonts/cm/cmmi10.pfb></usr/share/texlive/texmf-dist/
fonts/type1/public/amsfonts/cm/cmmi5.pfb></usr/share/texlive/texmf-dist/fonts/t
ype1/public/amsfonts/cm/cmmi6.pfb></usr/share/texlive/texmf-dist/fonts/type1/pu
blic/amsfonts/cm/cmmi7.pfb></usr/share/texlive/texmf-dist/fonts/type1/public/am
sfonts/cm/cmmi9.pfb></usr/share/texlive/texmf-dist/fonts/type1/public/amsfonts/
cm/cmmib10.pfb></usr/share/texlive/texmf-dist/fonts/type1/public/amsfonts/cm/cm
r10.pfb></usr/share/texlive/texmf-dist/fonts/type1/public/amsfonts/cm/cmr5.pfb>
</usr/share/texlive/texmf-dist/fonts/type1/public/amsfonts/cm/cmr7.pfb></usr/sh
are/texlive/texmf-dist/fonts/type1/public/amsfonts/cm/cmr9.pfb></usr/share/texl
ive/texmf-dist/fonts/type1/public/amsfonts/cm/cmsy10.pfb></usr/share/texlive/te
xmf-dist/fonts/type1/public/amsfonts/cm/cmsy5.pfb></usr/share/texlive/texmf-dis
t/fonts/type1/public/amsfonts/cm/cmsy6.pfb></usr/share/texlive/texmf-dist/fonts
/type1/public/amsfonts/cm/cmsy7.pfb></usr/share/texlive/texmf-dist/fonts/type1/
public/amsfonts/cm/cmsy9.pfb></usr/share/texlive/texmf-dist/fonts/type1/public/
amsfonts/symbols/msam10.pfb></usr/share/texlive/texmf-dist/fonts/type1/public/a
msfonts/symbols/msam7.pfb></usr/share/texlive/texmf-dist/fonts/type1/public/ams
fonts/symbols/msbm10.pfb>
Output written on draft_p2_jfm.pdf (27 pages, 5708921 bytes).
PDF statistics:
 770 PDF objects out of 1000 (max. 8388607)
 198 compressed objects within 2 object streams
 0 named destinations out of 1000 (max. 500000)
 106 words of extra memory for PDF output out of 10000 (max. 10000000)

